<?xml version="1.0" encoding="UTF-8"?>
<!-- Generated by org.testng.reporters.JUnitXMLReporter -->
<testsuite hostname="MSC-PC04L71H" ignored="0" name="Parameterization unittest" tests="1" failures="1" timestamp="07 Aug 2019 20:41:41 GMT" time="5.569" errors="0">
  <testcase name="setUp" time="5.534" classname="com.testng.qa.testcases.Parameterization">
    <failure type="org.openqa.selenium.NoSuchWindowException" message="Currently focused window has been closed.
Build info: version: &amp;apos;3.141.59&amp;apos;, revision: &amp;apos;e82be7d358&amp;apos;, time: &amp;apos;2018-11-14T08:17:03&amp;apos;
System info: host: &amp;apos;MSC-PC04L71H&amp;apos;, ip: &amp;apos;172.27.165.20&amp;apos;, os.name: &amp;apos;Windows 10&amp;apos;, os.arch: &amp;apos;amd64&amp;apos;, os.version: &amp;apos;10.0&amp;apos;, java.version: &amp;apos;1.8.0_144&amp;apos;
Driver info: org.openqa.selenium.ie.InternetExplorerDriver
Capabilities {acceptInsecureCerts: false, browserName: internet explorer, browserVersion: 11, javascriptEnabled: true, pageLoadStrategy: normal, platform: WINDOWS, platformName: WINDOWS, proxy: Proxy(), se:ieOptions: {browserAttachTimeout: 0, elementScrollBehavior: 0, enablePersistentHover: true, ie.browserCommandLineSwitches: , ie.ensureCleanSession: false, ie.fileUploadDialogTimeout: 3000, ie.forceCreateProcessApi: false, ignoreProtectedModeSettings: false, ignoreZoomSetting: false, initialBrowserUrl: http://localhost:35137/, nativeEvents: true, requireWindowFocus: false}, setWindowRect: true, timeouts: {implicit: 0, pageLoad: 300000, script: 30000}}
Session ID: 8d676802-5f26-49f3-8703-83d40a6e651e
*** Element info: {Using=xpath, value=//*[@id=&amp;quot;u_0_e&amp;quot;]}">
      <![CDATA[org.openqa.selenium.NoSuchWindowException: Currently focused window has been closed.
Build info: version: '3.141.59', revision: 'e82be7d358', time: '2018-11-14T08:17:03'
System info: host: 'MSC-PC04L71H', ip: '172.27.165.20', os.name: 'Windows 10', os.arch: 'amd64', os.version: '10.0', java.version: '1.8.0_144'
Driver info: org.openqa.selenium.ie.InternetExplorerDriver
Capabilities {acceptInsecureCerts: false, browserName: internet explorer, browserVersion: 11, javascriptEnabled: true, pageLoadStrategy: normal, platform: WINDOWS, platformName: WINDOWS, proxy: Proxy(), se:ieOptions: {browserAttachTimeout: 0, elementScrollBehavior: 0, enablePersistentHover: true, ie.browserCommandLineSwitches: , ie.ensureCleanSession: false, ie.fileUploadDialogTimeout: 3000, ie.forceCreateProcessApi: false, ignoreProtectedModeSettings: false, ignoreZoomSetting: false, initialBrowserUrl: http://localhost:35137/, nativeEvents: true, requireWindowFocus: false}, setWindowRect: true, timeouts: {implicit: 0, pageLoad: 300000, script: 30000}}
Session ID: 8d676802-5f26-49f3-8703-83d40a6e651e
*** Element info: {Using=xpath, value=//*[@id="u_0_e"]}
at org.openqa.selenium.remote.http.W3CHttpResponseCodec.createException(W3CHttpResponseCodec.java:187)
at org.openqa.selenium.remote.http.W3CHttpResponseCodec.decode(W3CHttpResponseCodec.java:122)
at org.openqa.selenium.remote.http.W3CHttpResponseCodec.decode(W3CHttpResponseCodec.java:49)
at org.openqa.selenium.remote.HttpCommandExecutor.execute(HttpCommandExecutor.java:158)
at org.openqa.selenium.remote.service.DriverCommandExecutor.execute(DriverCommandExecutor.java:83)
at org.openqa.selenium.remote.RemoteWebDriver.execute(RemoteWebDriver.java:552)
at org.openqa.selenium.remote.RemoteWebDriver.findElement(RemoteWebDriver.java:323)
at org.openqa.selenium.remote.RemoteWebDriver.findElementByXPath(RemoteWebDriver.java:428)
at org.openqa.selenium.By$ByXPath.findElement(By.java:353)
at org.openqa.selenium.remote.RemoteWebDriver.findElement(RemoteWebDriver.java:315)
at com.testng.qa.testcases.Parameterization.setUp(Parameterization.java:43)
... Removed 29 stack frames]]>
    </failure>
  </testcase> <!-- setUp -->
</testsuite> <!-- Parameterization unittest -->
